 2023-05-12 14:55:06,912 : INFO : Test_login : test_login_002 : 41 : test_login_002 is started
 2023-05-12 14:55:06,912 : INFO : Test_login : test_login_002 : 42 : Opening Browser
 2023-05-12 14:55:08,530 : INFO : Test_login : test_login_002 : 44 : Go to this url-->https://opensource-demo.orangehrmlive.com/
 2023-05-12 14:55:09,906 : INFO : Test_login : test_login_002 : 49 : Entering username-->Admin
 2023-05-12 14:55:10,109 : INFO : Test_login : test_login_002 : 53 : Entering password-->admin123
 2023-05-12 14:55:10,110 : INFO : Test_login : test_login_002 : 54 : Click on login button
 2023-05-12 14:55:15,349 : INFO : Test_login : test_login_002 : 82 : Click on Menu button
 2023-05-12 14:55:22,631 : INFO : Test_login : test_login_002 : 84 : Click on logout button
 2023-05-12 14:55:22,632 : INFO : Test_login : test_login_002 : 85 : test_login_002 is Passed
 2023-05-12 14:55:23,112 : INFO : Test_login : test_login_002 : 94 : test_login_002 is Completed
 2023-05-12 14:59:32,467 : INFO : Test_login : test_title_001 : 21 : test_Page_Title_001 is started
 2023-05-12 14:59:32,468 : INFO : Test_login : test_title_001 : 22 : Opening Browser
 2023-05-12 14:59:36,587 : INFO : Test_login : test_title_001 : 24 : Go to this url-->https://opensource-demo.orangehrmlive.com/
 2023-05-12 14:59:36,603 : INFO : Test_login : test_title_001 : 30 : test_Page_Title_001 is Passed
 2023-05-12 14:59:36,625 : INFO : Test_login : test_title_001 : 31 : Page Title is-->OrangeHRM
 2023-05-12 14:59:36,966 : INFO : Test_login : test_title_001 : 37 : test_Page_Title_001 is completed
 2023-05-12 14:59:59,293 : INFO : Test_login : test_login_002 : 41 : test_login_002 is started
 2023-05-12 14:59:59,293 : INFO : Test_login : test_login_002 : 42 : Opening Browser
 2023-05-12 15:00:03,525 : INFO : Test_login : test_login_002 : 44 : Go to this url-->https://opensource-demo.orangehrmlive.com/
 2023-05-12 15:00:05,402 : INFO : Test_login : test_login_002 : 49 : Entering username-->Admin
 2023-05-12 15:00:05,578 : INFO : Test_login : test_login_002 : 53 : Entering password-->admin123
 2023-05-12 15:00:05,578 : INFO : Test_login : test_login_002 : 54 : Click on login button
 2023-05-12 15:00:10,634 : INFO : Test_login : test_login_002 : 82 : Click on Menu button
 2023-05-12 15:00:26,150 : INFO : Test_login : test_login_002 : 84 : Click on logout button
 2023-05-12 15:00:26,150 : INFO : Test_login : test_login_002 : 85 : test_login_002 is Passed
 2023-05-12 15:00:26,814 : INFO : Test_login : test_login_002 : 94 : test_login_002 is Completed
 2023-05-12 15:07:46,769 : INFO : Test_login : test_title_001 : 21 : test_Page_Title_001 is started
 2023-05-12 15:07:46,770 : INFO : Test_login : test_title_001 : 22 : Opening Browser
 2023-05-12 15:07:49,310 : INFO : Test_login : test_title_001 : 24 : Go to this url-->https://opensource-demo.orangehrmlive.com/
 2023-05-12 15:07:49,326 : INFO : Test_login : test_title_001 : 31 : test_Page_Title_001 is Passed
 2023-05-12 15:07:49,334 : INFO : Test_login : test_title_001 : 32 : Page Title is-->OrangeHRM
 2023-05-12 15:07:49,650 : INFO : Test_login : test_title_001 : 39 : test_Page_Title_001 is completed
 2023-05-12 15:08:25,233 : INFO : Test_login : test_login_002 : 43 : test_login_002 is started
 2023-05-12 15:08:25,233 : INFO : Test_login : test_login_002 : 44 : Opening Browser
 2023-05-12 15:08:28,992 : INFO : Test_login : test_login_002 : 46 : Go to this url-->https://opensource-demo.orangehrmlive.com/
 2023-05-12 15:08:32,884 : INFO : Test_login : test_login_002 : 51 : Entering username-->Admin
 2023-05-12 15:08:33,300 : INFO : Test_login : test_login_002 : 55 : Entering password-->admin123
 2023-05-12 15:08:33,300 : INFO : Test_login : test_login_002 : 56 : Click on login button
 2023-05-12 15:09:17,621 : INFO : Test_login : test_login_002 : 84 : Click on Menu button
 2023-05-12 15:09:19,300 : INFO : Test_login : test_login_002 : 86 : Click on logout button
 2023-05-12 15:09:19,301 : INFO : Test_login : test_login_002 : 87 : test_login_002 is Passed
 2023-05-12 15:09:20,172 : INFO : Test_login : test_login_002 : 96 : test_login_002 is Completed
 2023-05-12 15:25:36,696 : INFO : Test_Add_Emp : test_addEmp_003 : 22 : test_addEmp_003 is started
 2023-05-12 15:25:36,697 : INFO : Test_Add_Emp : test_addEmp_003 : 24 : Opening Browser
 2023-05-12 15:25:38,311 : INFO : Test_Add_Emp : test_addEmp_003 : 26 : Going to Url-->https://opensource-demo.orangehrmlive.com/
 2023-05-12 15:25:39,258 : INFO : Test_Add_Emp : test_addEmp_003 : 29 : Entering UserName-->Admin
 2023-05-12 15:25:39,473 : INFO : Test_Add_Emp : test_addEmp_003 : 31 : Entering password-->admin123
 2023-05-12 15:25:43,012 : INFO : Test_Add_Emp : test_addEmp_003 : 33 : Click On login
 2023-05-12 15:25:46,046 : INFO : Test_Add_Emp : test_addEmp_003 : 36 : Click On PIM
 2023-05-12 15:25:47,957 : INFO : Test_Add_Emp : test_addEmp_003 : 38 : Click On Add
 2023-05-12 15:25:50,231 : INFO : Test_Add_Emp : test_addEmp_003 : 41 : Entering FirstName
 2023-05-12 15:25:50,526 : INFO : Test_Add_Emp : test_addEmp_003 : 43 : Entering MiddleName
 2023-05-12 15:25:50,748 : INFO : Test_Add_Emp : test_addEmp_003 : 45 : Entering LastName
 2023-05-12 15:25:54,646 : INFO : Test_Add_Emp : test_addEmp_003 : 48 : Click on Save
 2023-05-12 15:26:03,495 : INFO : Test_Add_Emp : test_addEmp_003 : 54 : Click on MenuButton
 2023-05-12 15:26:04,745 : INFO : Test_Add_Emp : test_addEmp_003 : 56 : Click on Logout Button
 2023-05-12 15:26:04,745 : INFO : Test_Add_Emp : test_addEmp_003 : 58 : test_addEmp_003 is Passed
 2023-05-12 15:26:05,592 : INFO : Test_Add_Emp : test_addEmp_003 : 65 : test_addEmp_003 is Completed
 2023-05-12 15:36:47,345 : INFO : Test_Search_Emp : test_searchEmp_005 : 24 : test_searchEmp_005 is started
 2023-05-12 15:36:47,345 : INFO : Test_Search_Emp : test_searchEmp_005 : 26 : Opening Browser
 2023-05-12 15:36:48,722 : INFO : Test_Search_Emp : test_searchEmp_005 : 28 : Going to Url-->https://opensource-demo.orangehrmlive.com/
 2023-05-12 15:36:49,645 : INFO : Test_Search_Emp : test_searchEmp_005 : 31 : Entering UserName-->Admin
 2023-05-12 15:36:49,848 : INFO : Test_Search_Emp : test_searchEmp_005 : 33 : Entering password-->admin123
 2023-05-12 15:36:49,965 : INFO : Test_Search_Emp : test_searchEmp_005 : 35 : Click On login
 2023-05-12 15:36:55,857 : INFO : Test_Search_Emp : test_searchEmp_005 : 38 : Click On PIM
 2023-05-12 15:38:14,486 : INFO : Test_Search_Emp : test_searchEmp_005 : 24 : test_searchEmp_005 is started
 2023-05-12 15:38:14,487 : INFO : Test_Search_Emp : test_searchEmp_005 : 26 : Opening Browser
 2023-05-12 15:38:15,898 : INFO : Test_Search_Emp : test_searchEmp_005 : 28 : Going to Url-->https://opensource-demo.orangehrmlive.com/
 2023-05-12 15:38:16,592 : INFO : Test_Search_Emp : test_searchEmp_005 : 31 : Entering UserName-->Admin
 2023-05-12 15:38:16,772 : INFO : Test_Search_Emp : test_searchEmp_005 : 33 : Entering password-->admin123
 2023-05-12 15:38:18,641 : INFO : Test_Search_Emp : test_searchEmp_005 : 35 : Click On login
 2023-05-12 15:38:21,549 : INFO : Test_Search_Emp : test_searchEmp_005 : 38 : Click On PIM
 2023-05-12 15:43:53,686 : INFO : Test_Search_Emp : test_searchEmp_005 : 24 : test_searchEmp_005 is started
 2023-05-12 15:43:53,686 : INFO : Test_Search_Emp : test_searchEmp_005 : 26 : Opening Browser
 2023-05-12 15:43:55,140 : INFO : Test_Search_Emp : test_searchEmp_005 : 28 : Going to Url-->https://opensource-demo.orangehrmlive.com/
 2023-05-12 15:43:55,805 : INFO : Test_Search_Emp : test_searchEmp_005 : 31 : Entering UserName-->Admin
 2023-05-12 15:43:56,006 : INFO : Test_Search_Emp : test_searchEmp_005 : 33 : Entering password-->admin123
 2023-05-12 15:43:57,752 : INFO : Test_Search_Emp : test_searchEmp_005 : 35 : Click On login
 2023-05-12 15:44:00,016 : INFO : Test_Search_Emp : test_searchEmp_005 : 38 : Click On PIM
 2023-05-12 15:45:21,532 : INFO : Test_Search_Emp : test_searchEmp_005 : 24 : test_searchEmp_005 is started
 2023-05-12 15:45:21,533 : INFO : Test_Search_Emp : test_searchEmp_005 : 26 : Opening Browser
 2023-05-12 15:45:22,678 : INFO : Test_Search_Emp : test_searchEmp_005 : 28 : Going to Url-->https://opensource-demo.orangehrmlive.com/
 2023-05-12 15:45:23,563 : INFO : Test_Search_Emp : test_searchEmp_005 : 31 : Entering UserName-->Admin
 2023-05-12 15:45:23,753 : INFO : Test_Search_Emp : test_searchEmp_005 : 33 : Entering password-->admin123
 2023-05-12 15:45:23,863 : INFO : Test_Search_Emp : test_searchEmp_005 : 35 : Click On login
 2023-05-12 15:45:28,421 : INFO : Test_Search_Emp : test_searchEmp_005 : 38 : Click On PIM
 2023-05-12 15:48:41,794 : INFO : Test_Search_Emp : test_searchEmp_005 : 24 : test_searchEmp_005 is started
 2023-05-12 15:48:41,795 : INFO : Test_Search_Emp : test_searchEmp_005 : 26 : Opening Browser
 2023-05-12 15:48:42,695 : INFO : Test_Search_Emp : test_searchEmp_005 : 28 : Going to Url-->https://opensource-demo.orangehrmlive.com/
 2023-05-12 15:48:44,487 : INFO : Test_Search_Emp : test_searchEmp_005 : 31 : Entering UserName-->Admin
 2023-05-12 15:48:44,749 : INFO : Test_Search_Emp : test_searchEmp_005 : 33 : Entering password-->admin123
 2023-05-12 15:48:44,865 : INFO : Test_Search_Emp : test_searchEmp_005 : 35 : Click On login
 2023-05-12 15:48:48,521 : INFO : Test_Search_Emp : test_searchEmp_005 : 38 : Click On PIM
 2023-05-12 15:56:20,798 : INFO : Test_Search_Emp : test_searchEmp_005 : 24 : test_searchEmp_005 is started
 2023-05-12 15:56:20,799 : INFO : Test_Search_Emp : test_searchEmp_005 : 26 : Opening Browser
 2023-05-12 15:56:21,724 : INFO : Test_Search_Emp : test_searchEmp_005 : 28 : Going to Url-->https://opensource-demo.orangehrmlive.com/
 2023-05-12 15:56:23,171 : INFO : Test_Search_Emp : test_searchEmp_005 : 31 : Entering UserName-->Admin
 2023-05-12 15:56:23,392 : INFO : Test_Search_Emp : test_searchEmp_005 : 33 : Entering password-->admin123
 2023-05-12 15:56:25,330 : INFO : Test_Search_Emp : test_searchEmp_005 : 35 : Click On login
 2023-05-12 15:56:28,859 : INFO : Test_Search_Emp : test_searchEmp_005 : 38 : Click On PIM
 2023-05-12 15:56:35,614 : INFO : Test_Search_Emp : test_searchEmp_005 : 43 : Entering Emp Name
 2023-05-12 15:56:37,863 : INFO : Test_Search_Emp : test_searchEmp_005 : 46 : Clicking on search Button
 2023-05-12 15:56:40,106 : INFO : Test_Search_Emp : test_searchEmp_005 : 50 : Search Found
 2023-05-12 15:56:40,106 : INFO : Test_Search_Emp : test_searchEmp_005 : 51 : test_searchEmp_005 is Passed
 2023-05-12 15:56:40,204 : INFO : Test_Search_Emp : test_searchEmp_005 : 53 : Click on MenuButton
 2023-05-12 15:56:41,997 : INFO : Test_Search_Emp : test_searchEmp_005 : 55 : Click on Logout Button
 2023-05-12 15:56:41,997 : INFO : Test_Search_Emp : test_searchEmp_005 : 57 : test_searchEmp_005 is Passed
 2023-05-12 15:59:12,366 : INFO : Test_Search_Emp : test_searchEmp_005 : 24 : test_searchEmp_005 is started
 2023-05-12 15:59:12,367 : INFO : Test_Search_Emp : test_searchEmp_005 : 26 : Opening Browser
 2023-05-12 15:59:13,281 : INFO : Test_Search_Emp : test_searchEmp_005 : 28 : Going to Url-->https://opensource-demo.orangehrmlive.com/
 2023-05-12 15:59:14,832 : INFO : Test_Search_Emp : test_searchEmp_005 : 31 : Entering UserName-->Admin
 2023-05-12 15:59:15,086 : INFO : Test_Search_Emp : test_searchEmp_005 : 33 : Entering password-->admin123
 2023-05-12 15:59:15,294 : INFO : Test_Search_Emp : test_searchEmp_005 : 35 : Click On login
 2023-05-12 15:59:19,457 : INFO : Test_Search_Emp : test_searchEmp_005 : 38 : Click On PIM
 2023-05-12 15:59:26,892 : INFO : Test_Search_Emp : test_searchEmp_005 : 43 : Entering Emp Name
 2023-05-12 15:59:29,250 : INFO : Test_Search_Emp : test_searchEmp_005 : 46 : Clicking on search Button
 2023-05-12 15:59:31,353 : INFO : Test_Search_Emp : test_searchEmp_005 : 50 : Search Found
 2023-05-12 15:59:31,353 : INFO : Test_Search_Emp : test_searchEmp_005 : 51 : test_searchEmp_005 is Passed
 2023-05-12 15:59:31,661 : INFO : Test_Search_Emp : test_searchEmp_005 : 55 : Click on MenuButton
 2023-05-12 15:59:33,913 : INFO : Test_Search_Emp : test_searchEmp_005 : 57 : Click on Logout Button
 2023-05-12 15:59:33,914 : INFO : Test_Search_Emp : test_searchEmp_005 : 59 : test_searchEmp_005 is Passed
 2023-05-12 16:06:41,717 : INFO : Test_login : test_title_001 : 21 : test_Page_Title_001 is started
 2023-05-12 16:06:41,717 : INFO : Test_login : test_title_001 : 22 : Opening Browser
 2023-05-12 16:06:43,353 : INFO : Test_login : test_title_001 : 24 : Go to this url-->https://opensource-demo.orangehrmlive.com/
 2023-05-12 16:06:43,367 : INFO : Test_login : test_title_001 : 31 : test_Page_Title_001 is Passed
 2023-05-12 16:06:43,374 : INFO : Test_login : test_title_001 : 32 : Page Title is-->OrangeHRM
 2023-05-12 16:06:43,697 : INFO : Test_login : test_title_001 : 39 : test_Page_Title_001 is completed
 2023-05-12 16:06:58,393 : INFO : Test_login : test_login_002 : 43 : test_login_002 is started
 2023-05-12 16:06:58,394 : INFO : Test_login : test_login_002 : 44 : Opening Browser
 2023-05-12 16:06:59,893 : INFO : Test_login : test_login_002 : 46 : Go to this url-->https://opensource-demo.orangehrmlive.com/
 2023-05-12 16:07:01,303 : INFO : Test_login : test_login_002 : 51 : Entering username-->Admin
 2023-05-12 16:07:01,525 : INFO : Test_login : test_login_002 : 55 : Entering password-->admin123
 2023-05-12 16:07:01,525 : INFO : Test_login : test_login_002 : 56 : Click on login button
 2023-05-12 16:07:04,593 : INFO : Test_login : test_login_002 : 84 : Click on Menu button
 2023-05-12 16:07:08,004 : INFO : Test_login : test_login_002 : 86 : Click on logout button
 2023-05-12 16:07:08,005 : INFO : Test_login : test_login_002 : 87 : test_login_002 is Passed
 2023-05-12 16:07:08,398 : INFO : Test_login : test_login_002 : 96 : test_login_002 is Completed
 2023-05-12 17:06:14,211 : INFO : Test_Login_Params : test_login_params_004 : 20 : test_login_params_004 is started
 2023-05-12 17:06:14,211 : INFO : Test_Login_Params : test_login_params_004 : 21 : Opening Browser
 2023-05-12 17:06:22,490 : INFO : Test_Login_Params : test_login_params_004 : 23 : Go to this url-->https://opensource-demo.orangehrmlive.com/
 2023-05-12 17:06:23,611 : INFO : Test_Login_Params : test_login_params_004 : 26 : Entering username-->Admin
 2023-05-12 17:06:23,927 : INFO : Test_Login_Params : test_login_params_004 : 28 : Entering password-->admin123
 2023-05-12 17:06:25,737 : INFO : Test_Login_Params : test_login_params_004 : 30 : Click on login button
 2023-05-12 17:06:26,944 : INFO : Test_Login_Params : test_login_params_004 : 36 : Click on Menu button
 2023-05-12 17:06:30,069 : INFO : Test_Login_Params : test_login_params_004 : 38 : Click on logout button
 2023-05-12 17:06:30,069 : INFO : Test_Login_Params : test_login_params_004 : 39 : test_login_002 is Passed
 2023-05-12 17:06:30,672 : INFO : Test_Login_Params : test_login_params_004 : 56 : test_login_002 is Completed
 2023-05-12 17:06:38,830 : INFO : Test_Login_Params : test_login_params_004 : 20 : test_login_params_004 is started
 2023-05-12 17:06:38,830 : INFO : Test_Login_Params : test_login_params_004 : 21 : Opening Browser
 2023-05-12 17:06:46,767 : INFO : Test_Login_Params : test_login_params_004 : 23 : Go to this url-->https://opensource-demo.orangehrmlive.com/
 2023-05-12 17:06:48,002 : INFO : Test_Login_Params : test_login_params_004 : 26 : Entering username-->Admin1
 2023-05-12 17:06:48,299 : INFO : Test_Login_Params : test_login_params_004 : 28 : Entering password-->admin123
 2023-05-12 17:06:49,642 : INFO : Test_Login_Params : test_login_params_004 : 30 : Click on login button
 2023-05-12 17:07:00,211 : INFO : Test_Login_Params : test_login_params_004 : 56 : test_login_002 is Completed
 2023-05-12 17:07:05,843 : INFO : Test_Login_Params : test_login_params_004 : 20 : test_login_params_004 is started
 2023-05-12 17:07:05,843 : INFO : Test_Login_Params : test_login_params_004 : 21 : Opening Browser
 2023-05-12 17:07:13,099 : INFO : Test_Login_Params : test_login_params_004 : 23 : Go to this url-->https://opensource-demo.orangehrmlive.com/
 2023-05-12 17:07:14,315 : INFO : Test_Login_Params : test_login_params_004 : 26 : Entering username-->Admin
 2023-05-12 17:07:14,530 : INFO : Test_Login_Params : test_login_params_004 : 28 : Entering password-->admin1231
 2023-05-12 17:07:16,465 : INFO : Test_Login_Params : test_login_params_004 : 30 : Click on login button
 2023-05-12 17:07:26,872 : INFO : Test_Login_Params : test_login_params_004 : 56 : test_login_002 is Completed
 2023-05-12 17:07:32,950 : INFO : Test_Login_Params : test_login_params_004 : 20 : test_login_params_004 is started
 2023-05-12 17:07:32,950 : INFO : Test_Login_Params : test_login_params_004 : 21 : Opening Browser
 2023-05-12 17:07:42,752 : INFO : Test_Login_Params : test_login_params_004 : 23 : Go to this url-->https://opensource-demo.orangehrmlive.com/
 2023-05-12 17:07:44,024 : INFO : Test_Login_Params : test_login_params_004 : 26 : Entering username-->Admin1
 2023-05-12 17:07:47,170 : INFO : Test_Login_Params : test_login_params_004 : 28 : Entering password-->admin1231
 2023-05-12 17:07:48,418 : INFO : Test_Login_Params : test_login_params_004 : 30 : Click on login button
 2023-05-12 17:08:00,242 : INFO : Test_Login_Params : test_login_params_004 : 56 : test_login_002 is Completed
 2023-05-12 20:23:51,227 : INFO : Test_Login_Params : test_login_params_004 : 20 : test_login_params_004 is started
 2023-05-12 20:23:51,228 : INFO : Test_Login_Params : test_login_params_004 : 21 : Opening Browser
 2023-05-12 20:23:58,354 : INFO : Test_Login_Params : test_login_params_004 : 23 : Go to this url-->https://opensource-demo.orangehrmlive.com/
 2023-05-12 20:24:00,368 : INFO : Test_Login_Params : test_login_params_004 : 26 : Entering username-->Admin
 2023-05-12 20:24:02,753 : INFO : Test_Login_Params : test_login_params_004 : 28 : Entering password-->admin123
 2023-05-12 20:24:06,292 : INFO : Test_Login_Params : test_login_params_004 : 30 : Click on login button
 2023-05-12 20:24:09,789 : INFO : Test_Login_Params : test_login_params_004 : 36 : Click on Menu button
 2023-05-12 20:24:11,045 : INFO : Test_Login_Params : test_login_params_004 : 38 : Click on logout button
 2023-05-12 20:24:11,046 : INFO : Test_Login_Params : test_login_params_004 : 39 : test_login_002 is Passed
 2023-05-12 20:24:13,604 : INFO : Test_Login_Params : test_login_params_004 : 56 : test_login_002 is Completed
 2023-05-12 20:24:20,269 : INFO : Test_Login_Params : test_login_params_004 : 20 : test_login_params_004 is started
 2023-05-12 20:24:20,269 : INFO : Test_Login_Params : test_login_params_004 : 21 : Opening Browser
 2023-05-12 20:24:27,791 : INFO : Test_Login_Params : test_login_params_004 : 23 : Go to this url-->https://opensource-demo.orangehrmlive.com/
 2023-05-12 20:24:29,060 : INFO : Test_Login_Params : test_login_params_004 : 26 : Entering username-->Admin1
 2023-05-12 20:24:29,338 : INFO : Test_Login_Params : test_login_params_004 : 28 : Entering password-->admin123
 2023-05-12 20:24:32,323 : INFO : Test_Login_Params : test_login_params_004 : 30 : Click on login button
 2023-05-12 20:24:45,195 : INFO : Test_Login_Params : test_login_params_004 : 56 : test_login_002 is Completed
 2023-05-12 20:24:51,199 : INFO : Test_Login_Params : test_login_params_004 : 20 : test_login_params_004 is started
 2023-05-12 20:24:51,200 : INFO : Test_Login_Params : test_login_params_004 : 21 : Opening Browser
 2023-05-12 20:25:02,060 : INFO : Test_Login_Params : test_login_params_004 : 23 : Go to this url-->https://opensource-demo.orangehrmlive.com/
 2023-05-12 20:25:03,141 : INFO : Test_Login_Params : test_login_params_004 : 26 : Entering username-->Admin
 2023-05-12 20:25:03,472 : INFO : Test_Login_Params : test_login_params_004 : 28 : Entering password-->admin1231
 2023-05-12 20:25:03,570 : INFO : Test_Login_Params : test_login_params_004 : 30 : Click on login button
 2023-05-12 20:25:16,726 : INFO : Test_Login_Params : test_login_params_004 : 56 : test_login_002 is Completed
 2023-05-12 20:25:22,591 : INFO : Test_Login_Params : test_login_params_004 : 20 : test_login_params_004 is started
 2023-05-12 20:25:22,591 : INFO : Test_Login_Params : test_login_params_004 : 21 : Opening Browser
 2023-05-12 20:25:34,994 : INFO : Test_Login_Params : test_login_params_004 : 23 : Go to this url-->https://opensource-demo.orangehrmlive.com/
 2023-05-12 20:25:36,388 : INFO : Test_Login_Params : test_login_params_004 : 26 : Entering username-->Admin1
 2023-05-12 20:25:36,621 : INFO : Test_Login_Params : test_login_params_004 : 28 : Entering password-->admin1231
 2023-05-12 20:25:38,597 : INFO : Test_Login_Params : test_login_params_004 : 30 : Click on login button
 2023-05-12 20:25:49,665 : INFO : Test_Login_Params : test_login_params_004 : 56 : test_login_002 is Completed
 2023-05-12 20:28:21,515 : INFO : Test_Search_Emp : test_searchEmp_005 : 24 : test_searchEmp_005 is started
 2023-05-12 20:28:21,516 : INFO : Test_Search_Emp : test_searchEmp_005 : 26 : Opening Browser
 2023-05-12 20:28:34,856 : INFO : Test_Search_Emp : test_searchEmp_005 : 28 : Going to Url-->https://opensource-demo.orangehrmlive.com/
 2023-05-12 20:28:36,786 : INFO : Test_Search_Emp : test_searchEmp_005 : 31 : Entering UserName-->Admin
 2023-05-12 20:28:37,007 : INFO : Test_Search_Emp : test_searchEmp_005 : 33 : Entering password-->admin123
 2023-05-12 20:28:37,124 : INFO : Test_Search_Emp : test_searchEmp_005 : 35 : Click On login
 2023-05-12 20:28:41,376 : INFO : Test_Search_Emp : test_searchEmp_005 : 38 : Click On PIM
 2023-05-12 20:28:46,546 : INFO : Test_Search_Emp : test_searchEmp_005 : 43 : Entering Emp Name
 2023-05-12 20:28:48,738 : INFO : Test_Search_Emp : test_searchEmp_005 : 46 : Clicking on search Button
 2023-05-12 20:28:51,033 : INFO : Test_Search_Emp : test_searchEmp_005 : 50 : Search Found
 2023-05-12 20:28:51,034 : INFO : Test_Search_Emp : test_searchEmp_005 : 51 : test_searchEmp_005 is Passed
 2023-05-12 20:28:51,411 : INFO : Test_Search_Emp : test_searchEmp_005 : 55 : Click on MenuButton
 2023-05-12 20:28:52,933 : INFO : Test_Search_Emp : test_searchEmp_005 : 57 : Click on Logout Button
 2023-05-12 20:28:52,935 : INFO : Test_Search_Emp : test_searchEmp_005 : 59 : test_searchEmp_005 is Passed
 2023-05-12 23:09:31,216 : INFO : Test_Add_Emp_DDT : test_addEmp_ddt_005 : 18 : test_addEmp_ddt_005 is started
 2023-05-12 23:09:31,216 : INFO : Test_Add_Emp_DDT : test_addEmp_ddt_005 : 20 : Opening Browser
 2023-05-12 23:09:40,348 : INFO : Test_Add_Emp_DDT : test_addEmp_ddt_005 : 22 : Going to Url-->https://opensource-demo.orangehrmlive.com/
 2023-05-12 23:09:45,470 : INFO : Test_Add_Emp_DDT : test_addEmp_ddt_005 : 25 : Entering UserName-->Admin
 2023-05-12 23:09:45,702 : INFO : Test_Add_Emp_DDT : test_addEmp_ddt_005 : 27 : Entering password-->admin123
 2023-05-12 23:09:50,278 : INFO : Test_Add_Emp_DDT : test_addEmp_ddt_005 : 29 : Click On login
 2023-05-12 23:09:54,669 : INFO : Test_Add_Emp_DDT : test_addEmp_ddt_005 : 34 : Click On PIM
 2023-05-12 23:09:56,889 : INFO : Test_Add_Emp_DDT : test_addEmp_ddt_005 : 36 : Click On Add
 2023-05-12 23:09:57,761 : INFO : Test_Add_Emp_DDT : test_addEmp_ddt_005 : 44 : Entering FirstName-->K
 2023-05-12 23:09:58,010 : INFO : Test_Add_Emp_DDT : test_addEmp_ddt_005 : 46 : Entering MiddleName-->Patil
 2023-05-12 23:12:46,917 : INFO : Test_Add_Emp_DDT : test_addEmp_ddt_005 : 18 : test_addEmp_ddt_005 is started
 2023-05-12 23:12:46,917 : INFO : Test_Add_Emp_DDT : test_addEmp_ddt_005 : 20 : Opening Browser
 2023-05-12 23:12:58,458 : INFO : Test_Add_Emp_DDT : test_addEmp_ddt_005 : 22 : Going to Url-->https://opensource-demo.orangehrmlive.com/
 2023-05-12 23:13:00,164 : INFO : Test_Add_Emp_DDT : test_addEmp_ddt_005 : 25 : Entering UserName-->Admin
 2023-05-12 23:13:00,346 : INFO : Test_Add_Emp_DDT : test_addEmp_ddt_005 : 27 : Entering password-->admin123
 2023-05-12 23:13:03,543 : INFO : Test_Add_Emp_DDT : test_addEmp_ddt_005 : 29 : Click On login
 2023-05-12 23:13:05,664 : INFO : Test_Add_Emp_DDT : test_addEmp_ddt_005 : 34 : Click On PIM
 2023-05-12 23:13:08,070 : INFO : Test_Add_Emp_DDT : test_addEmp_ddt_005 : 36 : Click On Add
 2023-05-12 23:13:08,927 : INFO : Test_Add_Emp_DDT : test_addEmp_ddt_005 : 44 : Entering FirstName-->K
 2023-05-12 23:13:09,134 : INFO : Test_Add_Emp_DDT : test_addEmp_ddt_005 : 46 : Entering MiddleName-->Patil
 2023-05-12 23:15:12,022 : INFO : Test_Add_Emp_DDT : test_addEmp_ddt_005 : 18 : test_addEmp_ddt_005 is started
 2023-05-12 23:15:12,023 : INFO : Test_Add_Emp_DDT : test_addEmp_ddt_005 : 20 : Opening Browser
 2023-05-12 23:15:20,229 : INFO : Test_Add_Emp_DDT : test_addEmp_ddt_005 : 22 : Going to Url-->https://opensource-demo.orangehrmlive.com/
 2023-05-12 23:15:21,535 : INFO : Test_Add_Emp_DDT : test_addEmp_ddt_005 : 25 : Entering UserName-->Admin
 2023-05-12 23:15:21,908 : INFO : Test_Add_Emp_DDT : test_addEmp_ddt_005 : 27 : Entering password-->admin123
 2023-05-12 23:15:23,806 : INFO : Test_Add_Emp_DDT : test_addEmp_ddt_005 : 29 : Click On login
 2023-05-12 23:15:28,038 : INFO : Test_Add_Emp_DDT : test_addEmp_ddt_005 : 34 : Click On PIM
 2023-05-12 23:15:36,697 : INFO : Test_Add_Emp_DDT : test_addEmp_ddt_005 : 36 : Click On Add
 2023-05-12 23:15:39,930 : INFO : Test_Add_Emp_DDT : test_addEmp_ddt_005 : 44 : Entering FirstName-->Vikas
 2023-05-12 23:15:40,100 : INFO : Test_Add_Emp_DDT : test_addEmp_ddt_005 : 46 : Entering MiddleName-->K
 2023-05-12 23:15:40,304 : INFO : Test_Add_Emp_DDT : test_addEmp_ddt_005 : 48 : Entering LastName--> Patil
 2023-05-12 23:18:33,704 : INFO : Test_Add_Emp_DDT : test_addEmp_ddt_005 : 18 : test_addEmp_ddt_005 is started
 2023-05-12 23:18:33,704 : INFO : Test_Add_Emp_DDT : test_addEmp_ddt_005 : 20 : Opening Browser
 2023-05-12 23:18:39,887 : INFO : Test_Add_Emp_DDT : test_addEmp_ddt_005 : 22 : Going to Url-->https://opensource-demo.orangehrmlive.com/
 2023-05-12 23:18:41,026 : INFO : Test_Add_Emp_DDT : test_addEmp_ddt_005 : 25 : Entering UserName-->Admin
 2023-05-12 23:18:41,337 : INFO : Test_Add_Emp_DDT : test_addEmp_ddt_005 : 27 : Entering password-->admin123
 2023-05-12 23:18:41,441 : INFO : Test_Add_Emp_DDT : test_addEmp_ddt_005 : 29 : Click On login
 2023-05-12 23:18:45,754 : INFO : Test_Add_Emp_DDT : test_addEmp_ddt_005 : 34 : Click On PIM
 2023-05-12 23:18:48,382 : INFO : Test_Add_Emp_DDT : test_addEmp_ddt_005 : 36 : Click On Add
 2023-05-12 23:18:49,304 : INFO : Test_Add_Emp_DDT : test_addEmp_ddt_005 : 44 : Entering FirstName-->Vikas
 2023-05-12 23:18:49,473 : INFO : Test_Add_Emp_DDT : test_addEmp_ddt_005 : 46 : Entering MiddleName-->K
 2023-05-12 23:18:49,688 : INFO : Test_Add_Emp_DDT : test_addEmp_ddt_005 : 48 : Entering LastName--> Patil
 2023-05-12 23:18:53,392 : INFO : Test_Add_Emp_DDT : test_addEmp_ddt_005 : 51 : Click on Save
 2023-05-12 23:19:01,149 : INFO : Test_Add_Emp_DDT : test_addEmp_ddt_005 : 44 : Entering FirstName-->Mahesh
 2023-05-12 23:19:01,318 : INFO : Test_Add_Emp_DDT : test_addEmp_ddt_005 : 46 : Entering MiddleName-->H
 2023-05-12 23:19:01,524 : INFO : Test_Add_Emp_DDT : test_addEmp_ddt_005 : 48 : Entering LastName--> Koli
 2023-05-12 23:19:03,636 : INFO : Test_Add_Emp_DDT : test_addEmp_ddt_005 : 51 : Click on Save
 2023-05-12 23:19:11,387 : INFO : Test_Add_Emp_DDT : test_addEmp_ddt_005 : 44 : Entering FirstName-->Rohit
 2023-05-12 23:19:11,561 : INFO : Test_Add_Emp_DDT : test_addEmp_ddt_005 : 46 : Entering MiddleName-->N
 2023-05-12 23:19:11,778 : INFO : Test_Add_Emp_DDT : test_addEmp_ddt_005 : 48 : Entering LastName--> Sharma
 2023-05-12 23:19:13,885 : INFO : Test_Add_Emp_DDT : test_addEmp_ddt_005 : 51 : Click on Save
 2023-05-12 23:19:22,528 : INFO : Test_Add_Emp_DDT : test_addEmp_ddt_005 : 71 : Click on MenuButton
 2023-05-12 23:19:23,992 : INFO : Test_Add_Emp_DDT : test_addEmp_ddt_005 : 73 : Click on Logout Button
 2023-05-12 23:19:24,548 : INFO : Test_Add_Emp_DDT : test_addEmp_ddt_005 : 76 : test_addEmp_ddt_005 is Passed
 2023-05-12 23:19:24,549 : INFO : Test_Add_Emp_DDT : test_addEmp_ddt_005 : 81 : test_addEmp_ddt_005 is Completed
 2023-05-12 23:34:59,623 : INFO : Test_Search_Emp : test_searchEmp_005 : 24 : test_searchEmp_005 is started
 2023-05-12 23:34:59,623 : INFO : Test_Search_Emp : test_searchEmp_005 : 26 : Opening Browser
 2023-05-12 23:35:08,889 : INFO : Test_Search_Emp : test_searchEmp_005 : 28 : Going to Url-->https://opensource-demo.orangehrmlive.com/
 2023-05-12 23:35:10,658 : INFO : Test_Search_Emp : test_searchEmp_005 : 31 : Entering UserName-->Admin
 2023-05-12 23:35:11,573 : INFO : Test_Search_Emp : test_searchEmp_005 : 33 : Entering password-->admin123
 2023-05-12 23:35:14,473 : INFO : Test_Search_Emp : test_searchEmp_005 : 35 : Click On login
 2023-05-12 23:35:17,743 : INFO : Test_Search_Emp : test_searchEmp_005 : 38 : Click On PIM
 2023-05-12 23:35:23,027 : INFO : Test_Search_Emp : test_searchEmp_005 : 43 : Entering Emp Name
 2023-05-12 23:35:25,272 : INFO : Test_Search_Emp : test_searchEmp_005 : 46 : Clicking on search Button
 2023-05-12 23:35:27,363 : INFO : Test_Search_Emp : test_searchEmp_005 : 50 : Search Found
 2023-05-12 23:35:27,363 : INFO : Test_Search_Emp : test_searchEmp_005 : 51 : test_searchEmp_005 is Passed
 2023-05-12 23:35:27,724 : INFO : Test_Search_Emp : test_searchEmp_005 : 55 : Click on MenuButton
 2023-05-12 23:35:29,345 : INFO : Test_Search_Emp : test_searchEmp_005 : 57 : Click on Logout Button
 2023-05-12 23:35:29,345 : INFO : Test_Search_Emp : test_searchEmp_005 : 59 : test_searchEmp_005 is Passed
 2023-05-13 07:58:50,434 : INFO : Test_Login_DDT : test_login_ddt_006 : 19 : test_login_ddt_006 is started
 2023-05-13 07:58:50,435 : INFO : Test_Login_DDT : test_login_ddt_006 : 20 : Opening Browser
 2023-05-13 07:59:01,167 : INFO : Test_Login_DDT : test_login_ddt_006 : 22 : Go to this url-->https://opensource-demo.orangehrmlive.com/
 2023-05-13 07:59:02,883 : INFO : Test_Login_DDT : test_login_ddt_006 : 32 : Entering username-->Admin
 2023-05-13 07:59:03,153 : INFO : Test_Login_DDT : test_login_ddt_006 : 34 : Entering password-->admin123
 2023-05-13 07:59:04,927 : INFO : Test_Login_DDT : test_login_ddt_006 : 36 : Click on login button
 2023-05-13 07:59:06,156 : INFO : Test_Login_DDT : test_login_ddt_006 : 43 : Click on Menu button
 2023-05-13 07:59:08,146 : INFO : Test_Login_DDT : test_login_ddt_006 : 45 : Click on logout button
 2023-05-13 07:59:34,732 : INFO : Test_Login_DDT : test_login_ddt_006 : 19 : test_login_ddt_006 is started
 2023-05-13 07:59:34,732 : INFO : Test_Login_DDT : test_login_ddt_006 : 20 : Opening Browser
 2023-05-13 07:59:42,497 : INFO : Test_Login_DDT : test_login_ddt_006 : 22 : Go to this url-->https://opensource-demo.orangehrmlive.com/
 2023-05-13 07:59:43,950 : INFO : Test_Login_DDT : test_login_ddt_006 : 32 : Entering username-->Admin
 2023-05-13 07:59:44,210 : INFO : Test_Login_DDT : test_login_ddt_006 : 34 : Entering password-->admin123
 2023-05-13 07:59:46,510 : INFO : Test_Login_DDT : test_login_ddt_006 : 36 : Click on login button
 2023-05-13 07:59:48,039 : INFO : Test_Login_DDT : test_login_ddt_006 : 43 : Click on Menu button
 2023-05-13 07:59:49,626 : INFO : Test_Login_DDT : test_login_ddt_006 : 45 : Click on logout button
 2023-05-13 07:59:50,331 : INFO : Test_Login_DDT : test_login_ddt_006 : 32 : Entering username-->Admin1
 2023-05-13 07:59:50,496 : INFO : Test_Login_DDT : test_login_ddt_006 : 34 : Entering password-->admin123
 2023-05-13 07:59:51,570 : INFO : Test_Login_DDT : test_login_ddt_006 : 36 : Click on login button
 2023-05-13 08:00:02,132 : INFO : Test_Login_DDT : test_login_ddt_006 : 32 : Entering username-->Admin
 2023-05-13 08:00:02,462 : INFO : Test_Login_DDT : test_login_ddt_006 : 34 : Entering password-->admin1231
 2023-05-13 08:00:04,326 : INFO : Test_Login_DDT : test_login_ddt_006 : 36 : Click on login button
 2023-05-13 08:00:14,831 : INFO : Test_Login_DDT : test_login_ddt_006 : 32 : Entering username-->Admin1
 2023-05-13 08:00:14,985 : INFO : Test_Login_DDT : test_login_ddt_006 : 34 : Entering password-->admin1231
 2023-05-13 08:00:15,072 : INFO : Test_Login_DDT : test_login_ddt_006 : 36 : Click on login button
 2023-05-13 08:00:26,742 : INFO : Test_Login_DDT : test_login_ddt_006 : 62 : test_login_ddt_006 is Failed
 2023-05-13 08:03:39,151 : INFO : Test_Login_DDT : test_login_ddt_006 : 19 : test_login_ddt_006 is started
 2023-05-13 08:03:39,151 : INFO : Test_Login_DDT : test_login_ddt_006 : 20 : Opening Browser
 2023-05-13 08:03:48,144 : INFO : Test_Login_DDT : test_login_ddt_006 : 22 : Go to this url-->https://opensource-demo.orangehrmlive.com/
 2023-05-13 08:03:49,273 : INFO : Test_Login_DDT : test_login_ddt_006 : 32 : Entering username-->Admin
 2023-05-13 08:03:49,637 : INFO : Test_Login_DDT : test_login_ddt_006 : 34 : Entering password-->admin123
 2023-05-13 08:03:51,529 : INFO : Test_Login_DDT : test_login_ddt_006 : 36 : Click on login button
 2023-05-13 08:03:53,130 : INFO : Test_Login_DDT : test_login_ddt_006 : 43 : Click on Menu button
 2023-05-13 08:03:56,710 : INFO : Test_Login_DDT : test_login_ddt_006 : 45 : Click on logout button
 2023-05-13 08:04:38,541 : INFO : Test_Login_DDT : test_login_ddt_006 : 19 : test_login_ddt_006 is started
 2023-05-13 08:04:38,541 : INFO : Test_Login_DDT : test_login_ddt_006 : 20 : Opening Browser
 2023-05-13 08:04:48,064 : INFO : Test_Login_DDT : test_login_ddt_006 : 22 : Go to this url-->https://opensource-demo.orangehrmlive.com/
 2023-05-13 08:04:49,085 : INFO : Test_Login_DDT : test_login_ddt_006 : 32 : Entering username-->Admin
 2023-05-13 08:04:49,368 : INFO : Test_Login_DDT : test_login_ddt_006 : 34 : Entering password-->admin123
 2023-05-13 08:04:50,924 : INFO : Test_Login_DDT : test_login_ddt_006 : 36 : Click on login button
 2023-05-13 08:04:52,253 : INFO : Test_Login_DDT : test_login_ddt_006 : 43 : Click on Menu button
 2023-05-13 08:04:56,275 : INFO : Test_Login_DDT : test_login_ddt_006 : 45 : Click on logout button
 2023-05-13 08:04:57,059 : INFO : Test_Login_DDT : test_login_ddt_006 : 32 : Entering username-->Admin1
 2023-05-13 08:04:57,249 : INFO : Test_Login_DDT : test_login_ddt_006 : 34 : Entering password-->admin123
 2023-05-13 08:04:57,347 : INFO : Test_Login_DDT : test_login_ddt_006 : 36 : Click on login button
 2023-05-13 08:05:09,001 : INFO : Test_Login_DDT : test_login_ddt_006 : 32 : Entering username-->Admin
 2023-05-13 08:05:09,186 : INFO : Test_Login_DDT : test_login_ddt_006 : 34 : Entering password-->admin1231
 2023-05-13 08:05:09,273 : INFO : Test_Login_DDT : test_login_ddt_006 : 36 : Click on login button
 2023-05-13 08:05:21,489 : INFO : Test_Login_DDT : test_login_ddt_006 : 32 : Entering username-->Admin1
 2023-05-13 08:05:21,657 : INFO : Test_Login_DDT : test_login_ddt_006 : 34 : Entering password-->admin1231
 2023-05-13 08:05:23,143 : INFO : Test_Login_DDT : test_login_ddt_006 : 36 : Click on login button
 2023-05-13 08:05:33,432 : INFO : Test_Login_DDT : test_login_ddt_006 : 62 : test_login_ddt_006 is Failed
 2023-05-13 08:09:25,375 : INFO : Test_Login_DDT : test_login_ddt_006 : 19 : test_login_ddt_006 is started
 2023-05-13 08:09:25,375 : INFO : Test_Login_DDT : test_login_ddt_006 : 20 : Opening Browser
 2023-05-13 08:09:33,295 : INFO : Test_Login_DDT : test_login_ddt_006 : 22 : Go to this url-->https://opensource-demo.orangehrmlive.com/
 2023-05-13 08:09:35,265 : INFO : Test_Login_DDT : test_login_ddt_006 : 32 : Entering username-->Admin
 2023-05-13 08:09:35,467 : INFO : Test_Login_DDT : test_login_ddt_006 : 34 : Entering password-->admin123
 2023-05-13 08:09:37,030 : INFO : Test_Login_DDT : test_login_ddt_006 : 36 : Click on login button
 2023-05-13 08:09:39,087 : INFO : Test_Login_DDT : test_login_ddt_006 : 43 : Click on Menu button
 2023-05-13 08:09:42,227 : INFO : Test_Login_DDT : test_login_ddt_006 : 45 : Click on logout button
 2023-05-13 08:09:42,945 : INFO : Test_Login_DDT : test_login_ddt_006 : 32 : Entering username-->Admin1
 2023-05-13 08:09:43,114 : INFO : Test_Login_DDT : test_login_ddt_006 : 34 : Entering password-->admin123
 2023-05-13 08:09:43,198 : INFO : Test_Login_DDT : test_login_ddt_006 : 36 : Click on login button
 2023-05-13 08:09:55,076 : INFO : Test_Login_DDT : test_login_ddt_006 : 32 : Entering username-->Admin
 2023-05-13 08:09:55,241 : INFO : Test_Login_DDT : test_login_ddt_006 : 34 : Entering password-->admin1231
 2023-05-13 08:09:55,352 : INFO : Test_Login_DDT : test_login_ddt_006 : 36 : Click on login button
 2023-05-13 08:10:07,577 : INFO : Test_Login_DDT : test_login_ddt_006 : 32 : Entering username-->Admin1
 2023-05-13 08:10:07,746 : INFO : Test_Login_DDT : test_login_ddt_006 : 34 : Entering password-->admin1231
 2023-05-13 08:10:09,652 : INFO : Test_Login_DDT : test_login_ddt_006 : 36 : Click on login button
 2023-05-13 08:10:19,973 : INFO : Test_Login_DDT : test_login_ddt_006 : 59 : test_login_ddt_006 is Passed
 2023-05-13 08:10:20,421 : INFO : Test_Login_DDT : test_login_ddt_006 : 65 : test_login_ddt_006 is Completed
 2023-05-13 20:43:33,830 : INFO : Test_Search_Emp : test_searchEmp_005 : 17 : test_searchEmp_005 is started
 2023-05-13 20:43:33,830 : INFO : Test_Search_Emp : test_searchEmp_005 : 19 : Opening Browser
 2023-05-13 20:43:59,358 : INFO : Test_Search_Emp : test_searchEmp_005 : 21 : Going to Url-->https://opensource-demo.orangehrmlive.com/
 2023-05-13 20:44:00,864 : INFO : Test_Search_Emp : test_searchEmp_005 : 24 : Entering UserName-->Admin
 2023-05-13 20:44:01,177 : INFO : Test_Search_Emp : test_searchEmp_005 : 26 : Entering password-->admin123
 2023-05-13 20:44:03,943 : INFO : Test_Search_Emp : test_searchEmp_005 : 28 : Click On login
 2023-05-13 20:44:09,860 : INFO : Test_Search_Emp : test_searchEmp_005 : 33 : Click On PIM
 2023-05-13 20:44:15,045 : INFO : Test_Search_Emp : test_searchEmp_005 : 40 : Entering Emp Name
 2023-05-13 20:44:17,252 : INFO : Test_Search_Emp : test_searchEmp_005 : 43 : Clicking on search Button
 2023-05-13 20:44:19,456 : INFO : Test_Search_Emp : test_searchEmp_005 : 47 : Search Found
 2023-05-13 20:44:19,456 : INFO : Test_Search_Emp : test_searchEmp_005 : 48 : test_searchEmp_005 is Passed
 2023-05-13 20:44:19,810 : INFO : Test_Search_Emp : test_searchEmp_005 : 52 : Click on MenuButton
 2023-05-13 20:44:21,747 : INFO : Test_Search_Emp : test_searchEmp_005 : 54 : Click on Logout Button
 2023-05-13 20:44:21,748 : INFO : Test_Search_Emp : test_searchEmp_005 : 56 : test_searchEmp_005 is Passed
 2023-05-13 20:53:07,662 : INFO : Test_Search_Emp : test_searchEmp_005 : 17 : test_searchEmp_005 is started
 2023-05-13 20:53:07,663 : INFO : Test_Search_Emp : test_searchEmp_005 : 19 : Opening Browser
 2023-05-13 20:53:27,345 : INFO : Test_Search_Emp : test_searchEmp_005 : 21 : Going to Url-->https://opensource-demo.orangehrmlive.com/
 2023-05-13 20:53:28,423 : INFO : Test_Search_Emp : test_searchEmp_005 : 24 : Entering UserName-->Admin
 2023-05-13 20:53:28,688 : INFO : Test_Search_Emp : test_searchEmp_005 : 26 : Entering password-->admin123
 2023-05-13 20:53:31,589 : INFO : Test_Search_Emp : test_searchEmp_005 : 28 : Click On login
 2023-05-13 20:53:36,523 : INFO : Test_Search_Emp : test_searchEmp_005 : 33 : Click On PIM
 2023-05-13 20:53:41,738 : INFO : Test_Search_Emp : test_searchEmp_005 : 41 : Entering Emp Name
 2023-05-13 20:53:43,950 : INFO : Test_Search_Emp : test_searchEmp_005 : 44 : Clicking on search Button
 2023-05-13 20:53:46,100 : INFO : Test_Search_Emp : test_searchEmp_005 : 48 : Search Found
 2023-05-13 20:53:46,100 : INFO : Test_Search_Emp : test_searchEmp_005 : 49 : test_searchEmp_005 is Passed
 2023-05-13 20:53:46,313 : INFO : Test_Search_Emp : test_searchEmp_005 : 55 : Click on MenuButton
 2023-05-13 20:53:47,975 : INFO : Test_Search_Emp : test_searchEmp_005 : 57 : Click on Logout Button
 2023-05-13 20:53:47,976 : INFO : Test_Search_Emp : test_searchEmp_005 : 59 : test_searchEmp_005 is Passed
 2023-05-13 20:58:41,994 : INFO : Test_Search_Emp : test_searchEmp_005 : 18 : test_searchEmp_005 is started
 2023-05-13 20:58:41,995 : INFO : Test_Search_Emp : test_searchEmp_005 : 20 : Opening Browser
 2023-05-13 20:58:44,586 : INFO : Test_Search_Emp : test_searchEmp_005 : 22 : Going to Url-->https://opensource-demo.orangehrmlive.com/
 2023-05-13 20:58:46,866 : INFO : Test_Search_Emp : test_searchEmp_005 : 25 : Entering UserName-->Admin
 2023-05-13 20:58:47,047 : INFO : Test_Search_Emp : test_searchEmp_005 : 27 : Entering password-->admin123
 2023-05-13 20:58:47,154 : INFO : Test_Search_Emp : test_searchEmp_005 : 29 : Click On login
 2023-05-13 20:58:56,013 : INFO : Test_Search_Emp : test_searchEmp_005 : 34 : Click On PIM
 2023-05-13 21:00:08,444 : INFO : Test_Search_Emp : test_searchEmp_005 : 18 : test_searchEmp_005 is started
 2023-05-13 21:00:08,445 : INFO : Test_Search_Emp : test_searchEmp_005 : 20 : Opening Browser
 2023-05-13 21:00:11,308 : INFO : Test_Search_Emp : test_searchEmp_005 : 22 : Going to Url-->https://opensource-demo.orangehrmlive.com/
 2023-05-13 21:00:15,305 : INFO : Test_Search_Emp : test_searchEmp_005 : 25 : Entering UserName-->Admin
 2023-05-13 21:00:15,474 : INFO : Test_Search_Emp : test_searchEmp_005 : 27 : Entering password-->admin123
 2023-05-13 21:00:24,406 : INFO : Test_Search_Emp : test_searchEmp_005 : 29 : Click On login
 2023-05-13 21:00:28,710 : INFO : Test_Search_Emp : test_searchEmp_005 : 34 : Click On PIM
 2023-05-13 21:00:35,444 : INFO : Test_Search_Emp : test_searchEmp_005 : 42 : Entering Emp Name
 2023-05-13 21:00:37,650 : INFO : Test_Search_Emp : test_searchEmp_005 : 45 : Clicking on search Button
 2023-05-13 21:00:39,743 : INFO : Test_Search_Emp : test_searchEmp_005 : 49 : Search Found
 2023-05-13 21:00:39,744 : INFO : Test_Search_Emp : test_searchEmp_005 : 50 : test_searchEmp_005 is Passed
 2023-05-13 21:00:39,969 : INFO : Test_Search_Emp : test_searchEmp_005 : 56 : Click on MenuButton
 2023-05-13 21:00:41,780 : INFO : Test_Search_Emp : test_searchEmp_005 : 58 : Click on Logout Button
 2023-05-13 21:00:41,780 : INFO : Test_Search_Emp : test_searchEmp_005 : 60 : test_searchEmp_005 is Passed
 2023-05-15 14:59:55,673 : INFO : Test_Search_Emp : test_searchEmp_005 : 24 : test_searchEmp_005 is started
 2023-05-15 14:59:55,674 : INFO : Test_Search_Emp : test_searchEmp_005 : 26 : Opening Browser
 2023-05-15 14:59:57,743 : INFO : Test_Search_Emp : test_searchEmp_005 : 28 : Going to Url-->https://opensource-demo.orangehrmlive.com/
 2023-05-15 14:59:58,930 : INFO : Test_Search_Emp : test_searchEmp_005 : 31 : Entering UserName-->Admin
 2023-05-15 14:59:59,344 : INFO : Test_Search_Emp : test_searchEmp_005 : 33 : Entering password-->admin123
 2023-05-15 15:00:01,597 : INFO : Test_Search_Emp : test_searchEmp_005 : 35 : Click On login
 2023-05-15 15:00:06,768 : INFO : Test_Search_Emp : test_searchEmp_005 : 38 : Click On PIM
 2023-05-15 15:00:13,016 : INFO : Test_Search_Emp : test_searchEmp_005 : 43 : Entering Emp Name
 2023-05-15 15:00:16,729 : INFO : Test_Search_Emp : test_searchEmp_005 : 46 : Clicking on search Button
 2023-05-15 15:00:18,843 : INFO : Test_Search_Emp : test_searchEmp_005 : 50 : Search Found
 2023-05-15 15:00:18,843 : INFO : Test_Search_Emp : test_searchEmp_005 : 51 : test_searchEmp_005 is Passed
 2023-05-15 15:00:21,069 : INFO : Test_Search_Emp : test_searchEmp_005 : 55 : Click on MenuButton
 2023-05-15 15:00:23,013 : INFO : Test_Search_Emp : test_searchEmp_005 : 57 : Click on Logout Button
 2023-05-15 15:00:23,014 : INFO : Test_Search_Emp : test_searchEmp_005 : 59 : test_searchEmp_005 is Passed
